----------------------------------------
Marvellous Automatation Script
----------------------------------------

 Files from the directory are:

----------------------------------------
Marvellous/Satara/AutomitationScript4.py : 639  bytes
Marvellous/Satara/AutomitationScript6.py : 819  bytes
Marvellous/Satara/AutomitationScript3.py : 416  bytes
Marvellous/Satara/AutomitationScript1.py : 157  bytes
Marvellous/Satara/AutomitationScript2.py : 211  bytes
Marvellous/Satara/AutomitationScript5.py : 1147  bytes
Marvellous/mumbai/File_Read.py : 256  bytes
Marvellous/mumbai/File_read_seek.py : 252  bytes
Marvellous/Pune/scheduleDemo3.py : 290  bytes
Marvellous/Pune/scheduleDemo4.py : 292  bytes
Marvellous/Pune/Shedule1.py : 143  bytes
Marvellous/Pune/sheduleDemo2.py : 203  bytes
----------------------------------------
Total Files Scanned 12 
----------------------------------------
Total Empty files found and deleted : 0
----------------------------------------
Log file gets created as :Sun Jul 19 20:34:45 2026
----------------------------------------
